  [1m[35m (742.9ms)[0m  [1m[35mSET NAMES utf8,  @@SESSION.sql_mode = CONCAT(CONCAT(@@sql_mode, ',STRICT_ALL_TABLES'), ',NO_AUTO_VALUE_ON_ZERO'),  @@SESSION.sql_auto_is_null = 0, @@SESSION.wait_timeout = 2147483[0m
  ↳ C:/Ruby25-x64/bin/rake:23
  [1m[35m (348.9ms)[0m  [1m[35mCREATE TABLE `schema_migrations` (`version` varchar(255) COLLATE utf8_general_ci NOT NULL PRIMARY KEY)[0m
  ↳ C:/Ruby25-x64/bin/rake:23
  [1m[35m (283.3ms)[0m  [1m[35mCREATE TABLE `ar_internal_metadata` (`key` varchar(255) COLLATE utf8_general_ci NOT NULL PRIMARY KEY, `value` varchar(255), `created_at` datetime NOT NULL, `updated_at` datetime NOT NULL)[0m
  ↳ C:/Ruby25-x64/bin/rake:23
  [1m[35m (1.2ms)[0m  [1m[34mSELECT GET_LOCK('6061320723177777540', 0)[0m
  ↳ C:/Ruby25-x64/bin/rake:23
  [1m[35m (0.5ms)[0m  [1m[34mSELECT `schema_migrations`.`version` FROM `schema_migrations` ORDER BY `schema_migrations`.`version` ASC[0m
  ↳ C:/Ruby25-x64/bin/rake:23
Migrating to CreateUsers (20201020124836)
  [1m[35m (2061.5ms)[0m  [1m[35mCREATE TABLE `users` (`id` bigint NOT NULL AUTO_INCREMENT PRIMARY KEY, `name` varchar(255), `phone` varchar(255), `created_at` datetime NOT NULL, `updated_at` datetime NOT NULL)[0m
  ↳ db/migrate/20201020124836_create_users.rb:3
  [1m[35m (0.6ms)[0m  [1m[35mBEGIN[0m
  ↳ C:/Ruby25-x64/bin/rake:23
  [1m[36mActiveRecord::SchemaMigration Create (26.6ms)[0m  [1m[32mINSERT INTO `schema_migrations` (`version`) VALUES ('20201020124836')[0m
  ↳ C:/Ruby25-x64/bin/rake:23
  [1m[35m (38.9ms)[0m  [1m[35mCOMMIT[0m
  ↳ C:/Ruby25-x64/bin/rake:23
  [1m[36mActiveRecord::InternalMetadata Load (0.6ms)[0m  [1m[34mSELECT  `ar_internal_metadata`.* FROM `ar_internal_metadata` WHERE `ar_internal_metadata`.`key` = 'environment' LIMIT 1[0m
  ↳ C:/Ruby25-x64/bin/rake:23
  [1m[35m (0.3ms)[0m  [1m[35mBEGIN[0m
  ↳ C:/Ruby25-x64/bin/rake:23
  [1m[36mActiveRecord::InternalMetadata Create (0.6ms)[0m  [1m[32mINSERT INTO `ar_internal_metadata` (`key`, `value`, `created_at`, `updated_at`) VALUES ('environment', 'development', '2020-10-20 12:50:42', '2020-10-20 12:50:42')[0m
  ↳ C:/Ruby25-x64/bin/rake:23
  [1m[35m (50.1ms)[0m  [1m[35mCOMMIT[0m
  ↳ C:/Ruby25-x64/bin/rake:23
  [1m[35m (0.3ms)[0m  [1m[34mSELECT RELEASE_LOCK('6061320723177777540')[0m
  ↳ C:/Ruby25-x64/bin/rake:23
  [1m[35m (0.4ms)[0m  [1m[34mSELECT `schema_migrations`.`version` FROM `schema_migrations` ORDER BY `schema_migrations`.`version` ASC[0m
  ↳ C:/Ruby25-x64/bin/rake:23
Started GET "/" for ::1 at 2020-10-20 20:05:12 +0700
  [1m[35m (0.5ms)[0m  [1m[35mSET NAMES utf8,  @@SESSION.sql_mode = CONCAT(CONCAT(@@sql_mode, ',STRICT_ALL_TABLES'), ',NO_AUTO_VALUE_ON_ZERO'),  @@SESSION.sql_auto_is_null = 0, @@SESSION.wait_timeout = 2147483[0m
  ↳ C:/Ruby25-x64/lib/ruby/gems/2.5.0/gems/activerecord-5.2.4.4/lib/active_record/log_subscriber.rb:98
  [1m[35m (0.4ms)[0m  [1m[34mSELECT `schema_migrations`.`version` FROM `schema_migrations` ORDER BY `schema_migrations`.`version` ASC[0m
  ↳ C:/Ruby25-x64/lib/ruby/gems/2.5.0/gems/activerecord-5.2.4.4/lib/active_record/log_subscriber.rb:98
Processing by Rails::WelcomeController#index as HTML
  Rendering C:/Ruby25-x64/lib/ruby/gems/2.5.0/gems/railties-5.2.4.4/lib/rails/templates/rails/welcome/index.html.erb
  Rendered C:/Ruby25-x64/lib/ruby/gems/2.5.0/gems/railties-5.2.4.4/lib/rails/templates/rails/welcome/index.html.erb (15.7ms)
Completed 200 OK in 214ms (Views: 106.5ms | ActiveRecord: 0.0ms)


Started GET "/favicon.ico" for ::1 at 2020-10-20 20:05:14 +0700
  
ActionController::RoutingError (No route matches [GET] "/favicon.ico"):
  
actionpack (5.2.4.4) lib/action_dispatch/middleware/debug_exceptions.rb:65:in `call'
actionpack (5.2.4.4) lib/action_dispatch/middleware/show_exceptions.rb:33:in `call'
railties (5.2.4.4) lib/rails/rack/logger.rb:38:in `call_app'
railties (5.2.4.4) lib/rails/rack/logger.rb:26:in `block in call'
activesupport (5.2.4.4) lib/active_support/tagged_logging.rb:71:in `block in tagged'
activesupport (5.2.4.4) lib/active_support/tagged_logging.rb:28:in `tagged'
activesupport (5.2.4.4) lib/active_support/tagged_logging.rb:71:in `tagged'
railties (5.2.4.4) lib/rails/rack/logger.rb:26:in `call'
actionpack (5.2.4.4) lib/action_dispatch/middleware/remote_ip.rb:81:in `call'
actionpack (5.2.4.4) lib/action_dispatch/middleware/request_id.rb:27:in `call'
rack (2.2.3) lib/rack/runtime.rb:22:in `call'
activesupport (5.2.4.4) lib/active_support/cache/strategy/local_cache_middleware.rb:29:in `call'
actionpack (5.2.4.4) lib/action_dispatch/middleware/executor.rb:14:in `call'
actionpack (5.2.4.4) lib/action_dispatch/middleware/static.rb:127:in `call'
rack (2.2.3) lib/rack/sendfile.rb:110:in `call'
railties (5.2.4.4) lib/rails/engine.rb:524:in `call'
puma (3.12.6) lib/puma/configuration.rb:227:in `call'
puma (3.12.6) lib/puma/server.rb:706:in `handle_request'
puma (3.12.6) lib/puma/server.rb:476:in `process_client'
puma (3.12.6) lib/puma/server.rb:334:in `block in run'
puma (3.12.6) lib/puma/thread_pool.rb:135:in `block in spawn_thread'
Started GET "/users" for ::1 at 2020-10-20 20:10:53 +0700
  
SyntaxError (C:/SehatqProject/app/controllers/home_controller.rb:23: syntax error, unexpected end-of-input, expecting keyword_end):
  
app/controllers/home_controller.rb:23: syntax error, unexpected end-of-input, expecting keyword_end
Started GET "/users" for ::1 at 2020-10-20 20:11:37 +0700
  
SyntaxError (C:/SehatqProject/app/controllers/home_controller.rb:23: syntax error, unexpected end-of-input, expecting keyword_end):
  
app/controllers/home_controller.rb:23: syntax error, unexpected end-of-input, expecting keyword_end
Started GET "/users" for ::1 at 2020-10-20 20:13:06 +0700
  [1m[35m (0.5ms)[0m  [1m[35mSET NAMES utf8,  @@SESSION.sql_mode = CONCAT(CONCAT(@@sql_mode, ',STRICT_ALL_TABLES'), ',NO_AUTO_VALUE_ON_ZERO'),  @@SESSION.sql_auto_is_null = 0, @@SESSION.wait_timeout = 2147483[0m
  ↳ C:/Ruby25-x64/lib/ruby/gems/2.5.0/gems/activerecord-5.2.4.4/lib/active_record/log_subscriber.rb:98
  [1m[35m (0.4ms)[0m  [1m[34mSELECT `schema_migrations`.`version` FROM `schema_migrations` ORDER BY `schema_migrations`.`version` ASC[0m
  ↳ C:/Ruby25-x64/lib/ruby/gems/2.5.0/gems/activerecord-5.2.4.4/lib/active_record/log_subscriber.rb:98
  
SyntaxError (C:/SehatqProject/app/controllers/home_controller.rb:23: syntax error, unexpected end-of-input, expecting keyword_end):
  
app/controllers/home_controller.rb:23: syntax error, unexpected end-of-input, expecting keyword_end
Started GET "/" for ::1 at 2020-10-20 20:50:54 +0700
  [1m[35m (0.5ms)[0m  [1m[35mSET NAMES utf8,  @@SESSION.sql_mode = CONCAT(CONCAT(@@sql_mode, ',STRICT_ALL_TABLES'), ',NO_AUTO_VALUE_ON_ZERO'),  @@SESSION.sql_auto_is_null = 0, @@SESSION.wait_timeout = 2147483[0m
  ↳ C:/Ruby25-x64/lib/ruby/gems/2.5.0/gems/activerecord-5.2.4.4/lib/active_record/log_subscriber.rb:98
Processing by Rails::WelcomeController#index as HTML
  Rendering C:/Ruby25-x64/lib/ruby/gems/2.5.0/gems/railties-5.2.4.4/lib/rails/templates/rails/welcome/index.html.erb
  Rendered C:/Ruby25-x64/lib/ruby/gems/2.5.0/gems/railties-5.2.4.4/lib/rails/templates/rails/welcome/index.html.erb (8.2ms)
Completed 200 OK in 97ms (Views: 56.9ms | ActiveRecord: 0.0ms)


Started GET "/" for ::1 at 2020-10-20 20:50:56 +0700
Processing by Rails::WelcomeController#index as HTML
  Rendering C:/Ruby25-x64/lib/ruby/gems/2.5.0/gems/railties-5.2.4.4/lib/rails/templates/rails/welcome/index.html.erb
  Rendered C:/Ruby25-x64/lib/ruby/gems/2.5.0/gems/railties-5.2.4.4/lib/rails/templates/rails/welcome/index.html.erb (2.9ms)
Completed 200 OK in 60ms (Views: 30.9ms | ActiveRecord: 0.0ms)


Started GET "/users" for ::1 at 2020-10-20 20:51:03 +0700
  
SyntaxError (C:/SehatqProject/app/controllers/home_controller.rb:23: syntax error, unexpected end-of-input, expecting keyword_end):
  
app/controllers/home_controller.rb:23: syntax error, unexpected end-of-input, expecting keyword_end
Started GET "/users" for ::1 at 2020-10-20 20:52:23 +0700
  
SyntaxError (C:/SehatqProject/app/controllers/home_controller.rb:24: syntax error, unexpected end-of-input, expecting keyword_end):
  
app/controllers/home_controller.rb:24: syntax error, unexpected end-of-input, expecting keyword_end
Started GET "/users" for ::1 at 2020-10-20 20:52:25 +0700
  
SyntaxError (C:/SehatqProject/app/controllers/home_controller.rb:24: syntax error, unexpected end-of-input, expecting keyword_end):
  
app/controllers/home_controller.rb:24: syntax error, unexpected end-of-input, expecting keyword_end
Started GET "/users" for ::1 at 2020-10-20 20:53:18 +0700
  
SyntaxError (C:/SehatqProject/app/controllers/home_controller.rb:25: syntax error, unexpected end-of-input, expecting keyword_end):
  
app/controllers/home_controller.rb:25: syntax error, unexpected end-of-input, expecting keyword_end
Started GET "/users" for ::1 at 2020-10-20 20:54:01 +0700
  
SyntaxError (C:/SehatqProject/app/controllers/home_controller.rb:25: syntax error, unexpected end-of-input, expecting keyword_end):
  
app/controllers/home_controller.rb:25: syntax error, unexpected end-of-input, expecting keyword_end
Started GET "/users" for ::1 at 2020-10-20 20:54:03 +0700
  
SyntaxError (C:/SehatqProject/app/controllers/home_controller.rb:25: syntax error, unexpected end-of-input, expecting keyword_end):
  
app/controllers/home_controller.rb:25: syntax error, unexpected end-of-input, expecting keyword_end
Started GET "/users" for ::1 at 2020-10-20 20:54:21 +0700
  
SyntaxError (C:/SehatqProject/app/controllers/home_controller.rb:24: syntax error, unexpected end-of-input, expecting keyword_end
        end
           ^):
  
app/controllers/home_controller.rb:24: syntax error, unexpected end-of-input, expecting keyword_end
Started GET "/users" for ::1 at 2020-10-20 20:54:42 +0700
  
SyntaxError (C:/SehatqProject/app/controllers/home_controller.rb:24: syntax error, unexpected end-of-input, expecting keyword_end
        
        ^):
  
app/controllers/home_controller.rb:24: syntax error, unexpected end-of-input, expecting keyword_end
Started GET "/users" for ::1 at 2020-10-20 20:55:23 +0700
  
SyntaxError (C:/SehatqProject/app/controllers/home_controller.rb:24: syntax error, unexpected end-of-input, expecting keyword_end):
  
app/controllers/home_controller.rb:24: syntax error, unexpected end-of-input, expecting keyword_end
Started GET "/users" for ::1 at 2020-10-20 20:57:28 +0700
  
SyntaxError (C:/SehatqProject/app/controllers/home_controller.rb:26: syntax error, unexpected end-of-input, expecting keyword_end):
  
app/controllers/home_controller.rb:26: syntax error, unexpected end-of-input, expecting keyword_end
Started GET "/users" for ::1 at 2020-10-20 20:57:57 +0700
  [1m[35m (0.5ms)[0m  [1m[35mSET NAMES utf8,  @@SESSION.sql_mode = CONCAT(CONCAT(@@sql_mode, ',STRICT_ALL_TABLES'), ',NO_AUTO_VALUE_ON_ZERO'),  @@SESSION.sql_auto_is_null = 0, @@SESSION.wait_timeout = 2147483[0m
  ↳ C:/Ruby25-x64/lib/ruby/gems/2.5.0/gems/activerecord-5.2.4.4/lib/active_record/log_subscriber.rb:98
  [1m[35m (0.4ms)[0m  [1m[34mSELECT `schema_migrations`.`version` FROM `schema_migrations` ORDER BY `schema_migrations`.`version` ASC[0m
  ↳ C:/Ruby25-x64/lib/ruby/gems/2.5.0/gems/activerecord-5.2.4.4/lib/active_record/log_subscriber.rb:98
  
SyntaxError (C:/SehatqProject/app/controllers/home_controller.rb:26: syntax error, unexpected end-of-input, expecting keyword_end):
  
app/controllers/home_controller.rb:26: syntax error, unexpected end-of-input, expecting keyword_end
Started GET "/users" for ::1 at 2020-10-20 20:59:46 +0700
Processing by HomeController#index as */*
  [1m[36mUser Load (0.6ms)[0m  [1m[34mSELECT `users`.* FROM `users`[0m
  ↳ app/controllers/home_controller.rb:5
Completed 200 OK in 76ms (Views: 55.3ms | ActiveRecord: 14.7ms)


Started GET "/users" for ::1 at 2020-10-20 21:00:38 +0700
Processing by HomeController#index as HTML
  [1m[36mUser Load (1.0ms)[0m  [1m[34mSELECT `users`.* FROM `users`[0m
  ↳ app/controllers/home_controller.rb:5
Completed 200 OK in 4ms (Views: 2.4ms | ActiveRecord: 1.0ms)


Started GET "/favicon.ico" for ::1 at 2020-10-20 21:00:44 +0700
  
ActionController::RoutingError (No route matches [GET] "/favicon.ico"):
  
actionpack (5.2.4.4) lib/action_dispatch/middleware/debug_exceptions.rb:65:in `call'
actionpack (5.2.4.4) lib/action_dispatch/middleware/show_exceptions.rb:33:in `call'
railties (5.2.4.4) lib/rails/rack/logger.rb:38:in `call_app'
railties (5.2.4.4) lib/rails/rack/logger.rb:26:in `block in call'
activesupport (5.2.4.4) lib/active_support/tagged_logging.rb:71:in `block in tagged'
activesupport (5.2.4.4) lib/active_support/tagged_logging.rb:28:in `tagged'
activesupport (5.2.4.4) lib/active_support/tagged_logging.rb:71:in `tagged'
railties (5.2.4.4) lib/rails/rack/logger.rb:26:in `call'
actionpack (5.2.4.4) lib/action_dispatch/middleware/remote_ip.rb:81:in `call'
actionpack (5.2.4.4) lib/action_dispatch/middleware/request_id.rb:27:in `call'
rack (2.2.3) lib/rack/runtime.rb:22:in `call'
activesupport (5.2.4.4) lib/active_support/cache/strategy/local_cache_middleware.rb:29:in `call'
actionpack (5.2.4.4) lib/action_dispatch/middleware/executor.rb:14:in `call'
actionpack (5.2.4.4) lib/action_dispatch/middleware/static.rb:127:in `call'
rack (2.2.3) lib/rack/sendfile.rb:110:in `call'
railties (5.2.4.4) lib/rails/engine.rb:524:in `call'
puma (3.12.6) lib/puma/configuration.rb:227:in `call'
puma (3.12.6) lib/puma/server.rb:706:in `handle_request'
puma (3.12.6) lib/puma/server.rb:476:in `process_client'
puma (3.12.6) lib/puma/server.rb:334:in `block in run'
puma (3.12.6) lib/puma/thread_pool.rb:135:in `block in spawn_thread'
Started GET "/users/2" for ::1 at 2020-10-20 21:01:16 +0700
Processing by HomeController#show as */*
  Parameters: {"id"=>"2"}
  [1m[36mUser Load (1.6ms)[0m  [1m[34mSELECT  `users`.* FROM `users` WHERE `users`.`id` = 2 LIMIT 1[0m
  ↳ app/controllers/home_controller.rb:14
Completed 200 OK in 129ms (Views: 1.4ms | ActiveRecord: 1.6ms)


Started GET "/users/3" for ::1 at 2020-10-20 21:01:22 +0700
Processing by HomeController#show as */*
  Parameters: {"id"=>"3"}
  [1m[36mUser Load (0.6ms)[0m  [1m[34mSELECT  `users`.* FROM `users` WHERE `users`.`id` = 3 LIMIT 1[0m
  ↳ app/controllers/home_controller.rb:14
Completed 400 Bad Request in 3ms (Views: 0.3ms | ActiveRecord: 0.6ms)


Started GET "/users/3" for ::1 at 2020-10-21 06:39:17 +0700
  [1m[35m (0.5ms)[0m  [1m[35mSET NAMES utf8,  @@SESSION.sql_mode = CONCAT(CONCAT(@@sql_mode, ',STRICT_ALL_TABLES'), ',NO_AUTO_VALUE_ON_ZERO'),  @@SESSION.sql_auto_is_null = 0, @@SESSION.wait_timeout = 2147483[0m
  ↳ C:/Ruby25-x64/lib/ruby/gems/2.5.0/gems/activerecord-5.2.4.4/lib/active_record/log_subscriber.rb:98
Processing by HomeController#show as */*
  Parameters: {"id"=>"3"}
  [1m[36mUser Load (0.7ms)[0m  [1m[34mSELECT  `users`.* FROM `users` WHERE `users`.`id` = 3 LIMIT 1[0m
  ↳ app/controllers/home_controller.rb:14
Completed 400 Bad Request in 3ms (Views: 0.3ms | ActiveRecord: 0.7ms)


Started GET "/users" for ::1 at 2020-10-21 06:39:24 +0700
Processing by HomeController#index as */*
  [1m[36mUser Load (0.5ms)[0m  [1m[34mSELECT `users`.* FROM `users`[0m
  ↳ app/controllers/home_controller.rb:5
Completed 200 OK in 3ms (Views: 2.2ms | ActiveRecord: 0.5ms)


